[backblue.gif]
[fade.gif]
[index.html]
[cdn.myportfolio.com/61730789-38a7-40fe-9d29-fa8993d340cb/34b8c6cc-cd27-4961-95c0-ae10f26424e4_carw_1x1x32db5e.png]
[cdn.myportfolio.com/61730789-38a7-40fe-9d29-fa8993d340cb/5efcb600-5075-4b39-8b73-661e581ef292_carw_1x1x18088b1.png]
[cdn.myportfolio.com/61730789-38a7-40fe-9d29-fa8993d340cb/e5a41c3e-17b2-40f4-bcf3-19059c7bded2_rwc_19x0x1296x334x4096083e.gif]
[cdn.myportfolio.com/61730789-38a7-40fe-9d29-fa8993d340cb/39e6a89c-1e08-47f1-9abf-1212f21f3736_rwc_19x0x1296x334x40962ed0.gif]
[use.typekit.net/ik/4gH1h9T-SrRfMDqV9al6y5wRa1vvlYErSDLsV2rKWivfe7JffHYEBsJzwD9oFDIDWD4KFQjDFRyywQboFRBRZ2Jt52IhwQw3FDjtZQJUwDbujcJuFRy8jcI-yMI7Oc8hjAoySc88dfolZP37OcuoSeNkieZzde8zOcFzdP37O1gkdDJlic88ikolpWgzS1]
[cdn.myportfolio.com/61730789-38a7-40fe-9d29-fa8993d340cb/10138c49-67ce-497b-905f-388b3fdab0c5_rwc_0x0x799x570x321415.gif]
[cdn.myportfolio.com/61730789-38a7-40fe-9d29-fa8993d340cb/10138c49-67ce-497b-905f-388b3fdab0c5_rwc_0x0x799x570x799bd55.gif]
[cdn.myportfolio.com/61730789-38a7-40fe-9d29-fa8993d340cb/2c11629e-bfa6-44a2-8aa1-e6a06d953073_rwc_0x0x1280x913x32f171.jpg]
[cdn.myportfolio.com/61730789-38a7-40fe-9d29-fa8993d340cb/2c11629e-bfa6-44a2-8aa1-e6a06d953073_rwc_0x0x1280x913x1280ff8a.jpg]
[cdn.myportfolio.com/61730789-38a7-40fe-9d29-fa8993d340cb/a0bf79c7-5d2a-4e1e-96ac-c8fccda1fd27_rwc_0x0x599x428x3211d8.gif]
[cdn.myportfolio.com/61730789-38a7-40fe-9d29-fa8993d340cb/a0bf79c7-5d2a-4e1e-96ac-c8fccda1fd27_rwc_0x0x599x428x59960d2.gif]
[cdn.myportfolio.com/61730789-38a7-40fe-9d29-fa8993d340cb/48178a1e-8907-408a-9746-12b65adf4791_rwc_0x0x1280x913x32131c.jpg]
[cdn.myportfolio.com/61730789-38a7-40fe-9d29-fa8993d340cb/48178a1e-8907-408a-9746-12b65adf4791_rwc_0x0x1280x913x1280e047.jpg]
[cdn.myportfolio.com/61730789-38a7-40fe-9d29-fa8993d340cb/72317b9d-b941-4620-b8ea-40dc415e1904_rwc_0x0x599x428x32297d.gif]
[cdn.myportfolio.com/61730789-38a7-40fe-9d29-fa8993d340cb/72317b9d-b941-4620-b8ea-40dc415e1904_rwc_0x0x599x428x59916c4.gif]
[cdn.myportfolio.com/61730789-38a7-40fe-9d29-fa8993d340cb/f90dff92-7c6a-474f-b8c0-8d42cebf64e6_rwc_0x0x1280x913x32b0cb.jpg]
[cdn.myportfolio.com/61730789-38a7-40fe-9d29-fa8993d340cb/f90dff92-7c6a-474f-b8c0-8d42cebf64e6_rwc_0x0x1280x913x12809d24.jpg]
[cdn.myportfolio.com/61730789-38a7-40fe-9d29-fa8993d340cb/1e6676ce-ab33-4e88-b17f-7a95320ed16e_rwc_0x0x599x428x329c3b.gif]
[cdn.myportfolio.com/61730789-38a7-40fe-9d29-fa8993d340cb/1e6676ce-ab33-4e88-b17f-7a95320ed16e_rwc_0x0x599x428x5998f65.gif]
[cdn.myportfolio.com/61730789-38a7-40fe-9d29-fa8993d340cb/b87d992e-a86e-4185-a0e0-442a136a6f83_rwc_0x0x1280x913x324c29.jpg]
[cdn.myportfolio.com/61730789-38a7-40fe-9d29-fa8993d340cb/b87d992e-a86e-4185-a0e0-442a136a6f83_rwc_0x0x1280x913x1280b4a5.jpg]
[cdn.myportfolio.com/61730789-38a7-40fe-9d29-fa8993d340cb/8def2b09-3123-4a76-9780-48a2c28ebdb1_rwc_0x0x599x428x324cdd.gif]
[cdn.myportfolio.com/61730789-38a7-40fe-9d29-fa8993d340cb/8def2b09-3123-4a76-9780-48a2c28ebdb1_rwc_0x0x599x428x599a04b.gif]
[cdn.myportfolio.com/61730789-38a7-40fe-9d29-fa8993d340cb/003ecba7-51e1-4eb3-8925-a53b109ed90b_rwc_0x0x1280x913x32c6b1.jpg]
[cdn.myportfolio.com/61730789-38a7-40fe-9d29-fa8993d340cb/003ecba7-51e1-4eb3-8925-a53b109ed90b_rwc_0x0x1280x913x128076ea.jpg]
[cdn.myportfolio.com/61730789-38a7-40fe-9d29-fa8993d340cb/b2d5c4b2-6992-43cf-861b-033f0f736ae5_rwc_0x0x599x428x32f8e1.gif]
[cdn.myportfolio.com/61730789-38a7-40fe-9d29-fa8993d340cb/b2d5c4b2-6992-43cf-861b-033f0f736ae5_rwc_0x0x599x428x599c370.gif]
[cdn.myportfolio.com/61730789-38a7-40fe-9d29-fa8993d340cb/b232c525-bcf6-421b-a742-cdcbb4aa0fe3_rwc_0x0x1280x913x323d9b.jpg]
[cdn.myportfolio.com/61730789-38a7-40fe-9d29-fa8993d340cb/b232c525-bcf6-421b-a742-cdcbb4aa0fe3_rwc_0x0x1280x913x12806ac7.jpg]
[ivanariel.me/site/translationsc9d4]
[ivanariel.me/dist/js/mainc9d4.js]
[ivanariel.me/index.html]
[ivanariel.me/dist/css/main.css]
[cdn.myportfolio.com/61730789-38a7-40fe-9d29-fa8993d340cb/2c8a374e-842f-44b3-83e9-f1bb1d896b8d_rwc_15x0x1901x800x40963f29.jpg]
[cdn.myportfolio.com/61730789-38a7-40fe-9d29-fa8993d340cb/4f23dc66cc3ed1c28cba52a158936f9816672735204386.css]
[ivanariel.me/projects.html]
[ivanariel.me/edit.html]
[ivanariel.me/motion.html]
[cdn.myportfolio.com/61730789-38a7-40fe-9d29-fa8993d340cb/8c0a4853-ba87-4301-97e8-88df52f368ca57e5.gif]
[cdn.myportfolio.com/61730789-38a7-40fe-9d29-fa8993d340cb/8c0a4853-ba87-4301-97e8-88df52f368ca_rw_1920e023.gif]
[ivanariel.me/contacto.html]
[cdn.myportfolio.com/61730789-38a7-40fe-9d29-fa8993d340cb/05c59fdc-3796-4fd2-8853-d2e3d85abb30e957.png]
[cdn.myportfolio.com/61730789-38a7-40fe-9d29-fa8993d340cb/05c59fdc-3796-4fd2-8853-d2e3d85abb30_rw_12003c56.png]
[ivanariel.me/sparkleyco.html]
[ivanariel.me/vanlook.html]
[ivanariel.me/intelligent-reviews.html]
[ivanariel.me/list-property.html]
[ivanariel.me/codificacion-industrial.html]
[ivanariel.me/planet-moderation.html]
[cdn.myportfolio.com/61730789-38a7-40fe-9d29-fa8993d340cb/db323aff5e06c6d1b91ab34574623e3a16672735206a3e.css]
[cdn.myportfolio.com/61730789-38a7-40fe-9d29-fa8993d340cb/ba6880d42f05a2976403fe82ac760d591667273520fd9d.css]
[cdn.myportfolio.com/61730789-38a7-40fe-9d29-fa8993d340cb/7ddfafc35919c25bf2ed02db4de5d2e51667273520e641.css]
[cdn.myportfolio.com/61730789-38a7-40fe-9d29-fa8993d340cb/18aae63f787aee505dc64e74eedf9e8f16672735208c62.css]
[cdn.myportfolio.com/61730789-38a7-40fe-9d29-fa8993d340cb/47805cb2bc1a613e9504810fe5e5e2ec1667273520047a.css]
[cdn.myportfolio.com/61730789-38a7-40fe-9d29-fa8993d340cb/3960e30819c8b163a8dac8d30cef57c5166727352078f8.css]
[cdn.myportfolio.com/61730789-38a7-40fe-9d29-fa8993d340cb/16369785cbd76ddd7668d88446d29fe91667273520c5c4.css]
[cdn.myportfolio.com/61730789-38a7-40fe-9d29-fa8993d340cb/d0bd114cb445fe58673255b5207c08c016672735208587.css]
